SF:lib\features\weather\data\models\weather_model.dart
DA:13,4
DA:21,2
DA:22,2
DA:23,2
DA:24,4
DA:25,4
DA:26,2
DA:27,2
DA:28,8
DA:30,6
DA:34,2
DA:35,4
DA:37,3
DA:39,18
LF:14
LH:14
end_of_record
SF:lib\features\weather\data\models\city_model.dart
DA:13,4
DA:24,3
DA:26,27
DA:29,2
DA:30,2
DA:31,4
DA:32,2
DA:33,6
DA:34,2
DA:35,4
DA:36,4
DA:37,4
DA:38,4
DA:42,0
DA:43,0
DA:50,4
DA:55,3
DA:56,9
DA:58,0
DA:59,0
DA:60,0
DA:61,0
DA:65,2
DA:66,2
DA:67,4
DA:68,4
DA:72,0
DA:74,0
LF:28
LH:20
end_of_record
SF:lib\features\weather\data\models\element_model.dart
DA:13,4
DA:24,3
DA:26,27
DA:29,2
DA:30,2
DA:31,4
DA:32,6
DA:33,2
DA:34,10
DA:36,6
DA:37,6
DA:38,4
DA:39,4
DA:40,6
DA:44,0
DA:45,0
DA:51,4
DA:55,2
DA:56,2
DA:57,4
DA:61,0
DA:63,3
DA:64,6
DA:75,4
DA:84,2
DA:85,2
DA:86,4
DA:87,4
DA:88,4
DA:89,4
DA:90,4
DA:91,2
DA:95,0
DA:97,3
DA:99,21
DA:106,0
DA:117,4
DA:124,2
DA:125,2
DA:126,4
DA:127,2
DA:128,2
DA:129,2
DA:133,0
DA:134,0
DA:136,3
DA:138,15
DA:147,4
DA:153,3
DA:154,12
DA:156,2
DA:157,2
DA:158,4
DA:159,4
DA:160,4
DA:164,0
LF:56
LH:48
end_of_record
SF:lib\core\Exceptions\weather_exception.dart
DA:4,2
DA:6,1
DA:7,2
LF:3
LH:3
end_of_record
SF:lib\features\weather\data\repositories\weather_repository.dart
DA:12,1
DA:13,1
DA:18,2
DA:20,2
DA:21,3
DA:23,2
LF:6
LH:6
end_of_record
SF:lib\features\weather\infra\service\i_service.dart
DA:12,2
LF:1
LH:1
end_of_record
SF:lib\features\weather\infra\service\http_service.dart
DA:10,1
DA:11,1
DA:17,1
DA:18,3
DA:19,3
LF:5
LH:5
end_of_record
SF:lib\features\weather\presenter\widgets\forecast_details_widget.dart
DA:7,0
DA:14,0
DA:16,0
DA:18,0
DA:20,0
DA:21,0
DA:24,0
DA:27,0
DA:28,0
DA:29,0
DA:33,0
DA:36,0
DA:38,0
DA:40,0
DA:41,0
DA:42,0
DA:43,0
DA:54,0
DA:56,0
DA:57,0
DA:59,0
DA:60,0
DA:61,0
DA:68,0
DA:69,0
DA:76,0
DA:77,0
DA:87,0
DA:90,0
DA:91,0
LF:30
LH:0
end_of_record
SF:lib\features\weather\presenter\widgets\forecast_list_widget.dart
DA:7,1
DA:14,1
DA:16,1
DA:18,4
DA:19,0
DA:20,0
DA:22,0
LF:7
LH:4
end_of_record
SF:lib\features\weather\presenter\widgets\page_header_widget.dart
DA:5,1
DA:12,1
DA:14,1
DA:15,3
DA:20,1
DA:27,1
DA:29,1
DA:30,1
LF:8
LH:8
end_of_record
SF:lib\features\weather\presenter\blocs\weather_page\weather_page_cubit.dart
DA:10,2
DA:12,1
DA:17,1
DA:19,2
DA:21,1
DA:22,1
DA:23,3
DA:25,3
DA:27,1
DA:28,3
DA:30,2
LF:11
LH:11
end_of_record
SF:lib\features\weather\presenter\blocs\weather_page\weather_page_state.dart
DA:4,0
DA:8,1
DA:9,0
DA:14,2
DA:15,1
DA:22,1
DA:23,1
DA:26,1
DA:30,4
DA:33,0
DA:34,0
DA:39,2
DA:40,1
DA:43,1
DA:47,4
DA:50,0
DA:51,0
LF:17
LH:11
end_of_record
